<?xml version="1.0" encoding="UTF-8"?>
<!-- Generated by org.testng.reporters.JUnitReportReporter -->
<testsuite hostname="VAISHAK" failures="0" tests="1" name="CucumberOptions.TestNGRunner" time="18.732" errors="0" timestamp="2024-07-01T17:29:17 IST" skipped="0">
  <testcase classname="CucumberOptions.TestNGRunner" name="runScenario" time="18.732"/>
  <system-out/>
</testsuite> <!-- CucumberOptions.TestNGRunner -->
